<?xml version="1.0" encoding="UTF-8"?>
<testsuite xmlns:xsi="http://www.w3.org/2001/XMLSchema-instance" xsi:noNamespaceSchemaLocation="https://maven.apache.org/surefire/maven-failsafe-plugin/xsd/failsafe-test-report.xsd" name="TestSuite" time="11.222" tests="47" errors="0" skipped="46" failures="1">
  <properties>
    <property name="awt.toolkit" value="sun.lwawt.macosx.LWCToolkit"/>
    <property name="java.specification.version" value="12"/>
    <property name="okta.tck.redirectOnError" value="true"/>
    <property name="sun.jnu.encoding" value="UTF-8"/>
    <property name="java.class.path" value="/Users/markteffeteller/okta-app/back-spring/resource-server/target/test-classes:/Users/markteffeteller/okta-app/back-spring/resource-server/target/classes:/Users/markteffeteller/.m2/repository/com/okta/spring/okta-spring-boot-starter/2.0.0/okta-spring-boot-starter-2.0.0.jar:/Users/markteffeteller/.m2/repository/com/okta/spring/okta-spring-security-oauth2/2.0.0/okta-spring-security-oauth2-2.0.0.jar:/Users/markteffeteller/.m2/repository/com/okta/commons/okta-config-check/1.2.4/okta-config-check-1.2.4.jar:/Users/markteffeteller/.m2/repository/com/okta/commons/okta-commons-lang/1.2.4/okta-commons-lang-1.2.4.jar:/Users/markteffeteller/.m2/repository/org/springframework/security/spring-security-config/5.4.1/spring-security-config-5.4.1.jar:/Users/markteffeteller/.m2/repository/org/springframework/security/spring-security-core/5.4.1/spring-security-core-5.4.1.jar:/Users/markteffeteller/.m2/repository/org/springframework/boot/spring-boot-starter-security/2.4.0/spring-boot-starter-security-2.4.0.jar:/Users/markteffeteller/.m2/repository/org/springframework/security/spring-security-web/5.4.1/spring-security-web-5.4.1.jar:/Users/markteffeteller/.m2/repository/org/springframework/security/spring-security-oauth2-client/5.4.1/spring-security-oauth2-client-5.4.1.jar:/Users/markteffeteller/.m2/repository/com/nimbusds/oauth2-oidc-sdk/8.23.1/oauth2-oidc-sdk-8.23.1.jar:/Users/markteffeteller/.m2/repository/com/github/stephenc/jcip/jcip-annotations/1.0-1/jcip-annotations-1.0-1.jar:/Users/markteffeteller/.m2/repository/com/nimbusds/content-type/2.1/content-type-2.1.jar:/Users/markteffeteller/.m2/repository/net/minidev/json-smart/2.3/json-smart-2.3.jar:/Users/markteffeteller/.m2/repository/net/minidev/accessors-smart/1.2/accessors-smart-1.2.jar:/Users/markteffeteller/.m2/repository/org/ow2/asm/asm/5.0.4/asm-5.0.4.jar:/Users/markteffeteller/.m2/repository/com/nimbusds/lang-tag/1.4.4/lang-tag-1.4.4.jar:/Users/markteffeteller/.m2/repository/org/springframework/security/spring-security-oauth2-core/5.4.1/spring-security-oauth2-core-5.4.1.jar:/Users/markteffeteller/.m2/repository/org/springframework/security/spring-security-oauth2-jose/5.4.1/spring-security-oauth2-jose-5.4.1.jar:/Users/markteffeteller/.m2/repository/com/nimbusds/nimbus-jose-jwt/9.1.2/nimbus-jose-jwt-9.1.2.jar:/Users/markteffeteller/.m2/repository/org/springframework/security/spring-security-oauth2-resource-server/5.4.1/spring-security-oauth2-resource-server-5.4.1.jar:/Users/markteffeteller/.m2/repository/com/okta/spring/okta-spring-sdk/2.0.0/okta-spring-sdk-2.0.0.jar:/Users/markteffeteller/.m2/repository/org/springframework/boot/spring-boot-starter-data-rest/2.4.0/spring-boot-starter-data-rest-2.4.0.jar:/Users/markteffeteller/.m2/repository/org/springframework/data/spring-data-rest-webmvc/3.4.1/spring-data-rest-webmvc-3.4.1.jar:/Users/markteffeteller/.m2/repository/org/springframework/data/spring-data-rest-core/3.4.1/spring-data-rest-core-3.4.1.jar:/Users/markteffeteller/.m2/repository/org/springframework/spring-tx/5.3.1/spring-tx-5.3.1.jar:/Users/markteffeteller/.m2/repository/org/springframework/hateoas/spring-hateoas/1.2.1/spring-hateoas-1.2.1.jar:/Users/markteffeteller/.m2/repository/com/jayway/jsonpath/json-path/2.4.0/json-path-2.4.0.jar:/Users/markteffeteller/.m2/repository/org/springframework/data/spring-data-commons/2.4.1/spring-data-commons-2.4.1.jar:/Users/markteffeteller/.m2/repository/org/springframework/plugin/spring-plugin-core/2.0.0.RELEASE/spring-plugin-core-2.0.0.RELEASE.jar:/Users/markteffeteller/.m2/repository/org/atteo/evo-inflector/1.2.2/evo-inflector-1.2.2.jar:/Users/markteffeteller/.m2/repository/com/fasterxml/jackson/core/jackson-databind/2.11.3/jackson-databind-2.11.3.jar:/Users/markteffeteller/.m2/repository/com/fasterxml/jackson/core/jackson-core/2.11.3/jackson-core-2.11.3.jar:/Users/markteffeteller/.m2/repository/com/fasterxml/jackson/core/jackson-annotations/2.11.3/jackson-annotations-2.11.3.jar:/Users/markteffeteller/.m2/repository/org/slf4j/slf4j-api/1.7.30/slf4j-api-1.7.30.jar:/Users/markteffeteller/.m2/repository/org/springframework/boot/spring-boot-starter-web/2.4.0/spring-boot-starter-web-2.4.0.jar:/Users/markteffeteller/.m2/repository/org/springframework/boot/spring-boot-starter/2.4.0/spring-boot-starter-2.4.0.jar:/Users/markteffeteller/.m2/repository/org/springframework/boot/spring-boot-starter-logging/2.4.0/spring-boot-starter-logging-2.4.0.jar:/Users/markteffeteller/.m2/repository/org/apache/logging/log4j/log4j-to-slf4j/2.13.3/log4j-to-slf4j-2.13.3.jar:/Users/markteffeteller/.m2/repository/org/apache/logging/log4j/log4j-api/2.13.3/log4j-api-2.13.3.jar:/Users/markteffeteller/.m2/repository/org/slf4j/jul-to-slf4j/1.7.30/jul-to-slf4j-1.7.30.jar:/Users/markteffeteller/.m2/repository/jakarta/annotation/jakarta.annotation-api/1.3.5/jakarta.annotation-api-1.3.5.jar:/Users/markteffeteller/.m2/repository/org/springframework/spring-core/5.3.1/spring-core-5.3.1.jar:/Users/markteffeteller/.m2/repository/org/springframework/spring-jcl/5.3.1/spring-jcl-5.3.1.jar:/Users/markteffeteller/.m2/repository/org/springframework/boot/spring-boot-starter-json/2.4.0/spring-boot-starter-json-2.4.0.jar:/Users/markteffeteller/.m2/repository/com/fasterxml/jackson/datatype/jackson-datatype-jdk8/2.11.3/jackson-datatype-jdk8-2.11.3.jar:/Users/markteffeteller/.m2/repository/com/fasterxml/jackson/datatype/jackson-datatype-jsr310/2.11.3/jackson-datatype-jsr310-2.11.3.jar:/Users/markteffeteller/.m2/repository/com/fasterxml/jackson/module/jackson-module-parameter-names/2.11.3/jackson-module-parameter-names-2.11.3.jar:/Users/markteffeteller/.m2/repository/org/springframework/boot/spring-boot-starter-tomcat/2.4.0/spring-boot-starter-tomcat-2.4.0.jar:/Users/markteffeteller/.m2/repository/org/apache/tomcat/embed/tomcat-embed-core/9.0.39/tomcat-embed-core-9.0.39.jar:/Users/markteffeteller/.m2/repository/org/glassfish/jakarta.el/3.0.3/jakarta.el-3.0.3.jar:/Users/markteffeteller/.m2/repository/org/apache/tomcat/embed/tomcat-embed-websocket/9.0.39/tomcat-embed-websocket-9.0.39.jar:/Users/markteffeteller/.m2/repository/org/springframework/spring-web/5.3.1/spring-web-5.3.1.jar:/Users/markteffeteller/.m2/repository/org/springframework/spring-beans/5.3.1/spring-beans-5.3.1.jar:/Users/markteffeteller/.m2/repository/org/springframework/spring-webmvc/5.3.1/spring-webmvc-5.3.1.jar:/Users/markteffeteller/.m2/repository/org/springframework/spring-aop/5.3.1/spring-aop-5.3.1.jar:/Users/markteffeteller/.m2/repository/org/springframework/spring-context/5.3.1/spring-context-5.3.1.jar:/Users/markteffeteller/.m2/repository/org/springframework/spring-expression/5.3.1/spring-expression-5.3.1.jar:/Users/markteffeteller/.m2/repository/org/springframework/boot/spring-boot-starter-actuator/2.4.0/spring-boot-starter-actuator-2.4.0.jar:/Users/markteffeteller/.m2/repository/org/springframework/boot/spring-boot-actuator-autoconfigure/2.4.0/spring-boot-actuator-autoconfigure-2.4.0.jar:/Users/markteffeteller/.m2/repository/org/springframework/boot/spring-boot-actuator/2.4.0/spring-boot-actuator-2.4.0.jar:/Users/markteffeteller/.m2/repository/io/micrometer/micrometer-core/1.6.1/micrometer-core-1.6.1.jar:/Users/markteffeteller/.m2/repository/org/hdrhistogram/HdrHistogram/2.1.12/HdrHistogram-2.1.12.jar:/Users/markteffeteller/.m2/repository/org/latencyutils/LatencyUtils/2.0.3/LatencyUtils-2.0.3.jar:/Users/markteffeteller/.m2/repository/org/springframework/boot/spring-boot-devtools/2.4.0/spring-boot-devtools-2.4.0.jar:/Users/markteffeteller/.m2/repository/org/springframework/boot/spring-boot/2.4.0/spring-boot-2.4.0.jar:/Users/markteffeteller/.m2/repository/org/springframework/boot/spring-boot-autoconfigure/2.4.0/spring-boot-autoconfigure-2.4.0.jar:/Users/markteffeteller/.m2/repository/com/okta/oidc/tck/okta-oidc-tck/0.5.1/okta-oidc-tck-0.5.1.jar:/Users/markteffeteller/.m2/repository/org/codehaus/groovy/groovy-templates/2.5.13/groovy-templates-2.5.13.jar:/Users/markteffeteller/.m2/repository/org/codehaus/groovy/groovy-xml/2.5.13/groovy-xml-2.5.13.jar:/Users/markteffeteller/.m2/repository/org/codehaus/groovy/groovy-json/2.5.13/groovy-json-2.5.13.jar:/Users/markteffeteller/.m2/repository/org/codehaus/groovy/groovy-dateutil/2.5.13/groovy-dateutil-2.5.13.jar:/Users/markteffeteller/.m2/repository/org/testng/testng/6.9.10/testng-6.9.10.jar:/Users/markteffeteller/.m2/repository/com/beust/jcommander/1.48/jcommander-1.48.jar:/Users/markteffeteller/.m2/repository/com/github/tomakehurst/wiremock-standalone/2.20.0/wiremock-standalone-2.20.0.jar:/Users/markteffeteller/.m2/repository/io/rest-assured/rest-assured/3.3.0/rest-assured-3.3.0.jar:/Users/markteffeteller/.m2/repository/org/apache/httpcomponents/httpmime/4.5.13/httpmime-4.5.13.jar:/Users/markteffeteller/.m2/repository/org/hamcrest/hamcrest-core/2.2/hamcrest-core-2.2.jar:/Users/markteffeteller/.m2/repository/org/hamcrest/hamcrest/2.2/hamcrest-2.2.jar:/Users/markteffeteller/.m2/repository/org/hamcrest/hamcrest-library/2.2/hamcrest-library-2.2.jar:/Users/markteffeteller/.m2/repository/org/ccil/cowan/tagsoup/tagsoup/1.2.1/tagsoup-1.2.1.jar:/Users/markteffeteller/.m2/repository/io/rest-assured/json-path/3.3.0/json-path-3.3.0.jar:/Users/markteffeteller/.m2/repository/io/rest-assured/rest-assured-common/3.3.0/rest-assured-common-3.3.0.jar:/Users/markteffeteller/.m2/repository/io/rest-assured/xml-path/3.3.0/xml-path-3.3.0.jar:/Users/markteffeteller/.m2/repository/org/apache/commons/commons-lang3/3.11/commons-lang3-3.11.jar:/Users/markteffeteller/.m2/repository/javax/xml/bind/jaxb-api/2.3.1/jaxb-api-2.3.1.jar:/Users/markteffeteller/.m2/repository/javax/activation/javax.activation-api/1.2.0/javax.activation-api-1.2.0.jar:/Users/markteffeteller/.m2/repository/com/sun/xml/bind/jaxb-osgi/2.2.10/jaxb-osgi-2.2.10.jar:/Users/markteffeteller/.m2/repository/io/jsonwebtoken/jjwt/0.7.0/jjwt-0.7.0.jar:/Users/markteffeteller/.m2/repository/org/yaml/snakeyaml/1.27/snakeyaml-1.27.jar:/Users/markteffeteller/.m2/repository/org/hamcrest/java-hamcrest/2.0.0.0/java-hamcrest-2.0.0.0.jar:/Users/markteffeteller/.m2/repository/org/slf4j/jcl-over-slf4j/1.7.30/jcl-over-slf4j-1.7.30.jar:/Users/markteffeteller/.m2/repository/ch/qos/logback/logback-classic/1.2.3/logback-classic-1.2.3.jar:/Users/markteffeteller/.m2/repository/ch/qos/logback/logback-core/1.2.3/logback-core-1.2.3.jar:/Users/markteffeteller/.m2/repository/org/codehaus/groovy/groovy/2.5.14/groovy-2.5.14.jar:/Users/markteffeteller/.m2/repository/org/apache/httpcomponents/httpclient/4.5.13/httpclient-4.5.13.jar:/Users/markteffeteller/.m2/repository/org/apache/httpcomponents/httpcore/4.4.13/httpcore-4.4.13.jar:/Users/markteffeteller/.m2/repository/commons-codec/commons-codec/1.15/commons-codec-1.15.jar:"/>
    <property name="java.vm.vendor" value="Oracle Corporation"/>
    <property name="sun.arch.data.model" value="64"/>
    <property name="java.vendor.url" value="https://java.oracle.com/"/>
    <property name="os.name" value="Mac OS X"/>
    <property name="java.vm.specification.version" value="12"/>
    <property name="sun.java.launcher" value="SUN_STANDARD"/>
    <property name="user.country" value="US"/>
    <property name="sun.boot.library.path" value="/Library/Java/JavaVirtualMachines/openjdk-12.0.2.jdk/Contents/Home/lib"/>
    <property name="sun.java.command" value="/Users/markteffeteller/okta-app/back-spring/resource-server/target/surefire/surefirebooter3556631245677867160.jar /Users/markteffeteller/okta-app/back-spring/resource-server/target/surefire 2021-03-01T15-41-16_602-jvmRun1 surefire7629059453900951000tmp surefire_0662751032704838845tmp"/>
    <property name="http.nonProxyHosts" value="local|*.local|169.254/16|*.169.254/16"/>
    <property name="jdk.debug" value="release"/>
    <property name="surefire.test.class.path" value="/Users/markteffeteller/okta-app/back-spring/resource-server/target/test-classes:/Users/markteffeteller/okta-app/back-spring/resource-server/target/classes:/Users/markteffeteller/.m2/repository/com/okta/spring/okta-spring-boot-starter/2.0.0/okta-spring-boot-starter-2.0.0.jar:/Users/markteffeteller/.m2/repository/com/okta/spring/okta-spring-security-oauth2/2.0.0/okta-spring-security-oauth2-2.0.0.jar:/Users/markteffeteller/.m2/repository/com/okta/commons/okta-config-check/1.2.4/okta-config-check-1.2.4.jar:/Users/markteffeteller/.m2/repository/com/okta/commons/okta-commons-lang/1.2.4/okta-commons-lang-1.2.4.jar:/Users/markteffeteller/.m2/repository/org/springframework/security/spring-security-config/5.4.1/spring-security-config-5.4.1.jar:/Users/markteffeteller/.m2/repository/org/springframework/security/spring-security-core/5.4.1/spring-security-core-5.4.1.jar:/Users/markteffeteller/.m2/repository/org/springframework/boot/spring-boot-starter-security/2.4.0/spring-boot-starter-security-2.4.0.jar:/Users/markteffeteller/.m2/repository/org/springframework/security/spring-security-web/5.4.1/spring-security-web-5.4.1.jar:/Users/markteffeteller/.m2/repository/org/springframework/security/spring-security-oauth2-client/5.4.1/spring-security-oauth2-client-5.4.1.jar:/Users/markteffeteller/.m2/repository/com/nimbusds/oauth2-oidc-sdk/8.23.1/oauth2-oidc-sdk-8.23.1.jar:/Users/markteffeteller/.m2/repository/com/github/stephenc/jcip/jcip-annotations/1.0-1/jcip-annotations-1.0-1.jar:/Users/markteffeteller/.m2/repository/com/nimbusds/content-type/2.1/content-type-2.1.jar:/Users/markteffeteller/.m2/repository/net/minidev/json-smart/2.3/json-smart-2.3.jar:/Users/markteffeteller/.m2/repository/net/minidev/accessors-smart/1.2/accessors-smart-1.2.jar:/Users/markteffeteller/.m2/repository/org/ow2/asm/asm/5.0.4/asm-5.0.4.jar:/Users/markteffeteller/.m2/repository/com/nimbusds/lang-tag/1.4.4/lang-tag-1.4.4.jar:/Users/markteffeteller/.m2/repository/org/springframework/security/spring-security-oauth2-core/5.4.1/spring-security-oauth2-core-5.4.1.jar:/Users/markteffeteller/.m2/repository/org/springframework/security/spring-security-oauth2-jose/5.4.1/spring-security-oauth2-jose-5.4.1.jar:/Users/markteffeteller/.m2/repository/com/nimbusds/nimbus-jose-jwt/9.1.2/nimbus-jose-jwt-9.1.2.jar:/Users/markteffeteller/.m2/repository/org/springframework/security/spring-security-oauth2-resource-server/5.4.1/spring-security-oauth2-resource-server-5.4.1.jar:/Users/markteffeteller/.m2/repository/com/okta/spring/okta-spring-sdk/2.0.0/okta-spring-sdk-2.0.0.jar:/Users/markteffeteller/.m2/repository/org/springframework/boot/spring-boot-starter-data-rest/2.4.0/spring-boot-starter-data-rest-2.4.0.jar:/Users/markteffeteller/.m2/repository/org/springframework/data/spring-data-rest-webmvc/3.4.1/spring-data-rest-webmvc-3.4.1.jar:/Users/markteffeteller/.m2/repository/org/springframework/data/spring-data-rest-core/3.4.1/spring-data-rest-core-3.4.1.jar:/Users/markteffeteller/.m2/repository/org/springframework/spring-tx/5.3.1/spring-tx-5.3.1.jar:/Users/markteffeteller/.m2/repository/org/springframework/hateoas/spring-hateoas/1.2.1/spring-hateoas-1.2.1.jar:/Users/markteffeteller/.m2/repository/com/jayway/jsonpath/json-path/2.4.0/json-path-2.4.0.jar:/Users/markteffeteller/.m2/repository/org/springframework/data/spring-data-commons/2.4.1/spring-data-commons-2.4.1.jar:/Users/markteffeteller/.m2/repository/org/springframework/plugin/spring-plugin-core/2.0.0.RELEASE/spring-plugin-core-2.0.0.RELEASE.jar:/Users/markteffeteller/.m2/repository/org/atteo/evo-inflector/1.2.2/evo-inflector-1.2.2.jar:/Users/markteffeteller/.m2/repository/com/fasterxml/jackson/core/jackson-databind/2.11.3/jackson-databind-2.11.3.jar:/Users/markteffeteller/.m2/repository/com/fasterxml/jackson/core/jackson-core/2.11.3/jackson-core-2.11.3.jar:/Users/markteffeteller/.m2/repository/com/fasterxml/jackson/core/jackson-annotations/2.11.3/jackson-annotations-2.11.3.jar:/Users/markteffeteller/.m2/repository/org/slf4j/slf4j-api/1.7.30/slf4j-api-1.7.30.jar:/Users/markteffeteller/.m2/repository/org/springframework/boot/spring-boot-starter-web/2.4.0/spring-boot-starter-web-2.4.0.jar:/Users/markteffeteller/.m2/repository/org/springframework/boot/spring-boot-starter/2.4.0/spring-boot-starter-2.4.0.jar:/Users/markteffeteller/.m2/repository/org/springframework/boot/spring-boot-starter-logging/2.4.0/spring-boot-starter-logging-2.4.0.jar:/Users/markteffeteller/.m2/repository/org/apache/logging/log4j/log4j-to-slf4j/2.13.3/log4j-to-slf4j-2.13.3.jar:/Users/markteffeteller/.m2/repository/org/apache/logging/log4j/log4j-api/2.13.3/log4j-api-2.13.3.jar:/Users/markteffeteller/.m2/repository/org/slf4j/jul-to-slf4j/1.7.30/jul-to-slf4j-1.7.30.jar:/Users/markteffeteller/.m2/repository/jakarta/annotation/jakarta.annotation-api/1.3.5/jakarta.annotation-api-1.3.5.jar:/Users/markteffeteller/.m2/repository/org/springframework/spring-core/5.3.1/spring-core-5.3.1.jar:/Users/markteffeteller/.m2/repository/org/springframework/spring-jcl/5.3.1/spring-jcl-5.3.1.jar:/Users/markteffeteller/.m2/repository/org/springframework/boot/spring-boot-starter-json/2.4.0/spring-boot-starter-json-2.4.0.jar:/Users/markteffeteller/.m2/repository/com/fasterxml/jackson/datatype/jackson-datatype-jdk8/2.11.3/jackson-datatype-jdk8-2.11.3.jar:/Users/markteffeteller/.m2/repository/com/fasterxml/jackson/datatype/jackson-datatype-jsr310/2.11.3/jackson-datatype-jsr310-2.11.3.jar:/Users/markteffeteller/.m2/repository/com/fasterxml/jackson/module/jackson-module-parameter-names/2.11.3/jackson-module-parameter-names-2.11.3.jar:/Users/markteffeteller/.m2/repository/org/springframework/boot/spring-boot-starter-tomcat/2.4.0/spring-boot-starter-tomcat-2.4.0.jar:/Users/markteffeteller/.m2/repository/org/apache/tomcat/embed/tomcat-embed-core/9.0.39/tomcat-embed-core-9.0.39.jar:/Users/markteffeteller/.m2/repository/org/glassfish/jakarta.el/3.0.3/jakarta.el-3.0.3.jar:/Users/markteffeteller/.m2/repository/org/apache/tomcat/embed/tomcat-embed-websocket/9.0.39/tomcat-embed-websocket-9.0.39.jar:/Users/markteffeteller/.m2/repository/org/springframework/spring-web/5.3.1/spring-web-5.3.1.jar:/Users/markteffeteller/.m2/repository/org/springframework/spring-beans/5.3.1/spring-beans-5.3.1.jar:/Users/markteffeteller/.m2/repository/org/springframework/spring-webmvc/5.3.1/spring-webmvc-5.3.1.jar:/Users/markteffeteller/.m2/repository/org/springframework/spring-aop/5.3.1/spring-aop-5.3.1.jar:/Users/markteffeteller/.m2/repository/org/springframework/spring-context/5.3.1/spring-context-5.3.1.jar:/Users/markteffeteller/.m2/repository/org/springframework/spring-expression/5.3.1/spring-expression-5.3.1.jar:/Users/markteffeteller/.m2/repository/org/springframework/boot/spring-boot-starter-actuator/2.4.0/spring-boot-starter-actuator-2.4.0.jar:/Users/markteffeteller/.m2/repository/org/springframework/boot/spring-boot-actuator-autoconfigure/2.4.0/spring-boot-actuator-autoconfigure-2.4.0.jar:/Users/markteffeteller/.m2/repository/org/springframework/boot/spring-boot-actuator/2.4.0/spring-boot-actuator-2.4.0.jar:/Users/markteffeteller/.m2/repository/io/micrometer/micrometer-core/1.6.1/micrometer-core-1.6.1.jar:/Users/markteffeteller/.m2/repository/org/hdrhistogram/HdrHistogram/2.1.12/HdrHistogram-2.1.12.jar:/Users/markteffeteller/.m2/repository/org/latencyutils/LatencyUtils/2.0.3/LatencyUtils-2.0.3.jar:/Users/markteffeteller/.m2/repository/org/springframework/boot/spring-boot-devtools/2.4.0/spring-boot-devtools-2.4.0.jar:/Users/markteffeteller/.m2/repository/org/springframework/boot/spring-boot/2.4.0/spring-boot-2.4.0.jar:/Users/markteffeteller/.m2/repository/org/springframework/boot/spring-boot-autoconfigure/2.4.0/spring-boot-autoconfigure-2.4.0.jar:/Users/markteffeteller/.m2/repository/com/okta/oidc/tck/okta-oidc-tck/0.5.1/okta-oidc-tck-0.5.1.jar:/Users/markteffeteller/.m2/repository/org/codehaus/groovy/groovy-templates/2.5.13/groovy-templates-2.5.13.jar:/Users/markteffeteller/.m2/repository/org/codehaus/groovy/groovy-xml/2.5.13/groovy-xml-2.5.13.jar:/Users/markteffeteller/.m2/repository/org/codehaus/groovy/groovy-json/2.5.13/groovy-json-2.5.13.jar:/Users/markteffeteller/.m2/repository/org/codehaus/groovy/groovy-dateutil/2.5.13/groovy-dateutil-2.5.13.jar:/Users/markteffeteller/.m2/repository/org/testng/testng/6.9.10/testng-6.9.10.jar:/Users/markteffeteller/.m2/repository/com/beust/jcommander/1.48/jcommander-1.48.jar:/Users/markteffeteller/.m2/repository/com/github/tomakehurst/wiremock-standalone/2.20.0/wiremock-standalone-2.20.0.jar:/Users/markteffeteller/.m2/repository/io/rest-assured/rest-assured/3.3.0/rest-assured-3.3.0.jar:/Users/markteffeteller/.m2/repository/org/apache/httpcomponents/httpmime/4.5.13/httpmime-4.5.13.jar:/Users/markteffeteller/.m2/repository/org/hamcrest/hamcrest-core/2.2/hamcrest-core-2.2.jar:/Users/markteffeteller/.m2/repository/org/hamcrest/hamcrest/2.2/hamcrest-2.2.jar:/Users/markteffeteller/.m2/repository/org/hamcrest/hamcrest-library/2.2/hamcrest-library-2.2.jar:/Users/markteffeteller/.m2/repository/org/ccil/cowan/tagsoup/tagsoup/1.2.1/tagsoup-1.2.1.jar:/Users/markteffeteller/.m2/repository/io/rest-assured/json-path/3.3.0/json-path-3.3.0.jar:/Users/markteffeteller/.m2/repository/io/rest-assured/rest-assured-common/3.3.0/rest-assured-common-3.3.0.jar:/Users/markteffeteller/.m2/repository/io/rest-assured/xml-path/3.3.0/xml-path-3.3.0.jar:/Users/markteffeteller/.m2/repository/org/apache/commons/commons-lang3/3.11/commons-lang3-3.11.jar:/Users/markteffeteller/.m2/repository/javax/xml/bind/jaxb-api/2.3.1/jaxb-api-2.3.1.jar:/Users/markteffeteller/.m2/repository/javax/activation/javax.activation-api/1.2.0/javax.activation-api-1.2.0.jar:/Users/markteffeteller/.m2/repository/com/sun/xml/bind/jaxb-osgi/2.2.10/jaxb-osgi-2.2.10.jar:/Users/markteffeteller/.m2/repository/io/jsonwebtoken/jjwt/0.7.0/jjwt-0.7.0.jar:/Users/markteffeteller/.m2/repository/org/yaml/snakeyaml/1.27/snakeyaml-1.27.jar:/Users/markteffeteller/.m2/repository/org/hamcrest/java-hamcrest/2.0.0.0/java-hamcrest-2.0.0.0.jar:/Users/markteffeteller/.m2/repository/org/slf4j/jcl-over-slf4j/1.7.30/jcl-over-slf4j-1.7.30.jar:/Users/markteffeteller/.m2/repository/ch/qos/logback/logback-classic/1.2.3/logback-classic-1.2.3.jar:/Users/markteffeteller/.m2/repository/ch/qos/logback/logback-core/1.2.3/logback-core-1.2.3.jar:/Users/markteffeteller/.m2/repository/org/codehaus/groovy/groovy/2.5.14/groovy-2.5.14.jar:/Users/markteffeteller/.m2/repository/org/apache/httpcomponents/httpclient/4.5.13/httpclient-4.5.13.jar:/Users/markteffeteller/.m2/repository/org/apache/httpcomponents/httpcore/4.4.13/httpcore-4.4.13.jar:/Users/markteffeteller/.m2/repository/commons-codec/commons-codec/1.15/commons-codec-1.15.jar:"/>
    <property name="sun.cpu.endian" value="little"/>
    <property name="user.home" value="/Users/markteffeteller"/>
    <property name="user.language" value="en"/>
    <property name="java.specification.vendor" value="Oracle Corporation"/>
    <property name="java.version.date" value="2019-07-16"/>
    <property name="java.home" value="/Library/Java/JavaVirtualMachines/openjdk-12.0.2.jdk/Contents/Home"/>
    <property name="file.separator" value="/"/>
    <property name="basedir" value="/Users/markteffeteller/okta-app/back-spring/resource-server"/>
    <property name="java.vm.compressedOopsMode" value="Zero based"/>
    <property name="line.separator" value="&#10;"/>
    <property name="java.vm.specification.vendor" value="Oracle Corporation"/>
    <property name="java.specification.name" value="Java Platform API Specification"/>
    <property name="java.awt.graphicsenv" value="sun.awt.CGraphicsEnvironment"/>
    <property name="surefire.real.class.path" value="/Users/markteffeteller/okta-app/back-spring/resource-server/target/surefire/surefirebooter3556631245677867160.jar"/>
    <property name="javax.net.ssl.trustStore" value="/Users/markteffeteller/okta-app/back-spring/resource-server/target/tck-keystore.jks"/>
    <property name="sun.management.compiler" value="HotSpot 64-Bit Tiered Compilers"/>
    <property name="ftp.nonProxyHosts" value="local|*.local|169.254/16|*.169.254/16"/>
    <property name="java.runtime.version" value="12.0.2+10"/>
    <property name="user.name" value="markteffeteller"/>
    <property name="path.separator" value=":"/>
    <property name="os.version" value="10.15.6"/>
    <property name="java.runtime.name" value="OpenJDK Runtime Environment"/>
    <property name="file.encoding" value="UTF-8"/>
    <property name="java.vm.name" value="OpenJDK 64-Bit Server VM"/>
    <property name="localRepository" value="/Users/markteffeteller/.m2/repository"/>
    <property name="java.vendor.url.bug" value="https://bugreport.java.com/bugreport/"/>
    <property name="java.io.tmpdir" value="/var/folders/hw/7t9dktx56lj8wdyw75cckl2c0000gn/T/"/>
    <property name="idea.version" value="2020.3.2"/>
    <property name="java.version" value="12.0.2"/>
    <property name="user.dir" value="/Users/markteffeteller/okta-app/back-spring/resource-server"/>
    <property name="os.arch" value="x86_64"/>
    <property name="java.vm.specification.name" value="Java Virtual Machine Specification"/>
    <property name="java.library.path" value="/Users/markteffeteller/Library/Java/Extensions:/Library/Java/Extensions:/Network/Library/Java/Extensions:/System/Library/Java/Extensions:/usr/lib/java:."/>
    <property name="java.vm.info" value="mixed mode, sharing"/>
    <property name="java.vendor" value="Oracle Corporation"/>
    <property name="java.vm.version" value="12.0.2+10"/>
    <property name="sun.io.unicode.encoding" value="UnicodeBig"/>
    <property name="socksNonProxyHosts" value="local|*.local|169.254/16|*.169.254/16"/>
    <property name="java.class.version" value="56.0"/>
  </properties>
  <testcase name="noToken401" classname="com.okta.test.mock.tests.ImplicitRemoteValidationIT" time="0">
    <skipped message="Skipping the disabled test - noToken401"/>
  </testcase>
  <testcase name="scopeAccessTest" classname="com.okta.test.mock.tests.ImplicitRemoteValidationIT" time="0">
    <skipped message="Skipping the disabled test - scopeAccessTest"/>
  </testcase>
  <testcase name="followRedirect" classname="com.okta.test.mock.tests.CodeFlowLocalValidationIT" time="0">
    <skipped message="Skipping the disabled test - followRedirect"/>
  </testcase>
  <testcase name="invalidSignatureAccessTokenJwtTest" classname="com.okta.test.mock.tests.CodeFlowLocalValidationIT" time="0">
    <skipped message="Skipping the disabled test - invalidSignatureAccessTokenJwtTest"/>
  </testcase>
  <testcase name="noAuthCodeTest" classname="com.okta.test.mock.tests.CodeFlowLocalValidationIT" time="0">
    <skipped message="Skipping the disabled test - noAuthCodeTest"/>
  </testcase>
  <testcase name="redirectToLogin" classname="com.okta.test.mock.tests.CodeFlowLocalValidationIT" time="0">
    <skipped message="Skipping the disabled test - redirectToLogin"/>
  </testcase>
  <testcase name="respondWithCode" classname="com.okta.test.mock.tests.CodeFlowLocalValidationIT" time="0">
    <skipped message="Skipping the disabled test - respondWithCode"/>
  </testcase>
  <testcase name="wrongAudienceAccessTokenJwtTest" classname="com.okta.test.mock.tests.CodeFlowLocalValidationIT" time="0">
    <skipped message="Skipping the disabled test - wrongAudienceAccessTokenJwtTest"/>
  </testcase>
  <testcase name="wrongKeyIdAccessTokenJwtTest" classname="com.okta.test.mock.tests.CodeFlowLocalValidationIT" time="0">
    <skipped message="Skipping the disabled test - wrongKeyIdAccessTokenJwtTest"/>
  </testcase>
  <testcase name="wrongStateTest" classname="com.okta.test.mock.tests.CodeFlowLocalValidationIT" time="0">
    <skipped message="Skipping the disabled test - wrongStateTest"/>
  </testcase>
  <testcase name="followRedirect" classname="com.okta.test.mock.tests.CustomLoginCodeFlowLocalValidationIT" time="0">
    <skipped message="Skipping the disabled test - followRedirect"/>
  </testcase>
  <testcase name="invalidSignatureAccessTokenJwtTest" classname="com.okta.test.mock.tests.CustomLoginCodeFlowLocalValidationIT" time="0">
    <skipped message="Skipping the disabled test - invalidSignatureAccessTokenJwtTest"/>
  </testcase>
  <testcase name="noAuthCodeTest" classname="com.okta.test.mock.tests.CustomLoginCodeFlowLocalValidationIT" time="0">
    <skipped message="Skipping the disabled test - noAuthCodeTest"/>
  </testcase>
  <testcase name="redirectToLogin" classname="com.okta.test.mock.tests.CustomLoginCodeFlowLocalValidationIT" time="0">
    <skipped message="Skipping the disabled test - redirectToLogin"/>
  </testcase>
  <testcase name="respondWithCode" classname="com.okta.test.mock.tests.CustomLoginCodeFlowLocalValidationIT" time="0">
    <skipped message="Skipping the disabled test - respondWithCode"/>
  </testcase>
  <testcase name="wrongAudienceAccessTokenJwtTest" classname="com.okta.test.mock.tests.CustomLoginCodeFlowLocalValidationIT" time="0">
    <skipped message="Skipping the disabled test - wrongAudienceAccessTokenJwtTest"/>
  </testcase>
  <testcase name="wrongKeyIdAccessTokenJwtTest" classname="com.okta.test.mock.tests.CustomLoginCodeFlowLocalValidationIT" time="0">
    <skipped message="Skipping the disabled test - wrongKeyIdAccessTokenJwtTest"/>
  </testcase>
  <testcase name="wrongStateTest" classname="com.okta.test.mock.tests.CustomLoginCodeFlowLocalValidationIT" time="0">
    <skipped message="Skipping the disabled test - wrongStateTest"/>
  </testcase>
  <testcase name="followRedirect" classname="com.okta.test.mock.tests.CodeFlowRemoteValidationIT" time="0">
    <skipped message="Skipping the disabled test - followRedirect"/>
  </testcase>
  <testcase name="respondWithCode" classname="com.okta.test.mock.tests.CodeFlowRemoteValidationIT" time="0">
    <skipped message="Skipping the disabled test - respondWithCode"/>
  </testcase>
  <testcase name="expiredIdTokenJwtTest" classname="com.okta.test.mock.tests.OIDCCodeFlowLocalValidationIT" time="0">
    <skipped message="Skipping the disabled test - expiredIdTokenJwtTest"/>
  </testcase>
  <testcase name="followRedirect" classname="com.okta.test.mock.tests.OIDCCodeFlowLocalValidationIT" time="0">
    <skipped message="Skipping the disabled test - followRedirect"/>
  </testcase>
  <testcase name="inactiveTokenJwtTest" classname="com.okta.test.mock.tests.OIDCCodeFlowLocalValidationIT" time="0">
    <skipped message="Skipping the disabled test - inactiveTokenJwtTest"/>
  </testcase>
  <testcase name="invalidIssuerIdTokenJwtTest" classname="com.okta.test.mock.tests.OIDCCodeFlowLocalValidationIT" time="0">
    <skipped message="Skipping the disabled test - invalidIssuerIdTokenJwtTest"/>
  </testcase>
  <testcase name="invalidSignatureIdTokenJwtTest" classname="com.okta.test.mock.tests.OIDCCodeFlowLocalValidationIT" time="0">
    <skipped message="Skipping the disabled test - invalidSignatureIdTokenJwtTest"/>
  </testcase>
  <testcase name="issuedInFutureIdTokenJwtTest" classname="com.okta.test.mock.tests.OIDCCodeFlowLocalValidationIT" time="0">
    <skipped message="Skipping the disabled test - issuedInFutureIdTokenJwtTest"/>
  </testcase>
  <testcase name="noAuthCodeTest" classname="com.okta.test.mock.tests.OIDCCodeFlowLocalValidationIT" time="0">
    <skipped message="Skipping the disabled test - noAuthCodeTest"/>
  </testcase>
  <testcase name="respondWithCode" classname="com.okta.test.mock.tests.OIDCCodeFlowLocalValidationIT" time="0">
    <skipped message="Skipping the disabled test - respondWithCode"/>
  </testcase>
  <testcase name="unsignedIdTokenJwtTest" classname="com.okta.test.mock.tests.OIDCCodeFlowLocalValidationIT" time="0">
    <skipped message="Skipping the disabled test - unsignedIdTokenJwtTest"/>
  </testcase>
  <testcase name="wrongAudienceIdTokenJwtTest" classname="com.okta.test.mock.tests.OIDCCodeFlowLocalValidationIT" time="0">
    <skipped message="Skipping the disabled test - wrongAudienceIdTokenJwtTest"/>
  </testcase>
  <testcase name="wrongKeyIdIdTokenJwtTest" classname="com.okta.test.mock.tests.OIDCCodeFlowLocalValidationIT" time="0">
    <skipped message="Skipping the disabled test - wrongKeyIdIdTokenJwtTest"/>
  </testcase>
  <testcase name="wrongStateTest" classname="com.okta.test.mock.tests.OIDCCodeFlowLocalValidationIT" time="0">
    <skipped message="Skipping the disabled test - wrongStateTest"/>
  </testcase>
  <testcase name="start" classname="com.okta.test.mock.tests.ImplicitLocalValidationIT" time="3.397">
    <failure message="Process did not start: ./mvnw: exit status: 1" type="java.lang.AssertionError">java.lang.AssertionError: Process did not start: ./mvnw: exit status: 1
</failure>
    <system-out><![CDATA[15:41:25.806 [main] INFO  wiremock.org.eclipse.jetty.util.log - Logging initialized @8378ms
15:41:27.877 [main] INFO  w.org.eclipse.jetty.server.Server - jetty-9.2.z-SNAPSHOT
15:41:27.891 [main] INFO  w.o.e.j.s.handler.ContextHandler - Started w.o.e.j.s.ServletContextHandler@32f96bba{/__admin,null,AVAILABLE}
15:41:27.892 [main] INFO  w.o.e.j.s.handler.ContextHandler - Started w.o.e.j.s.ServletContextHandler@72eb6200{/,null,AVAILABLE}
15:41:27.905 [main] INFO  w.o.e.j.s.NetworkTrafficServerConnector - Started NetworkTrafficServerConnector@541f50c6{HTTP/1.1}{0.0.0.0:64648}
15:41:27.928 [main] INFO  w.o.e.j.s.NetworkTrafficServerConnector - Started NetworkTrafficServerConnector@6d67f5eb{SSL-http/1.1}{0.0.0.0:64649}
15:41:27.928 [main] INFO  w.org.eclipse.jetty.server.Server - Started @10503ms
15:41:27.948 [main] INFO  c.o.t.m.a.CliApplicationUnderTest - Starting process: [./mvnw, -Dserver.port=64647, -Dokta.oauth2.issuer=https://localhost:64649/oauth2/default, -Dokta.oauth2.clientId=OOICU812, -Dserver.servlet.session.tracking-modes=cookie, -Djavax.net.ssl.trustStore=target/tck-keystore.jks, --batch-mode], logging to file: target/./mvnw-2021-03-01T21:41:27Z
]]></system-out>
  </testcase>
  <testcase name="accessKeyNonTrustedKeyTest" classname="com.okta.test.mock.tests.ImplicitLocalValidationIT" time="0">
    <skipped/>
  </testcase>
  <testcase name="inactiveAccessTokenTest" classname="com.okta.test.mock.tests.ImplicitLocalValidationIT" time="0">
    <skipped/>
  </testcase>
  <testcase name="noToken401Test" classname="com.okta.test.mock.tests.ImplicitLocalValidationIT" time="0">
    <skipped/>
  </testcase>
  <testcase name="nonJWTAccessKeyTest" classname="com.okta.test.mock.tests.ImplicitLocalValidationIT" time="0">
    <skipped/>
  </testcase>
  <testcase name="scopeAccessTokenTest" classname="com.okta.test.mock.tests.ImplicitLocalValidationIT" time="0">
    <skipped/>
  </testcase>
  <testcase name="wrongAudienceAccessTokenTest" classname="com.okta.test.mock.tests.ImplicitLocalValidationIT" time="0">
    <skipped/>
  </testcase>
  <testcase name="wrongScopeAccessTokenTest" classname="com.okta.test.mock.tests.ImplicitLocalValidationIT" time="0">
    <skipped/>
  </testcase>
  <testcase name="stop" classname="com.okta.test.mock.tests.ImplicitLocalValidationIT" time="0">
    <skipped/>
  </testcase>
  <testcase name="stopMockServer" classname="com.okta.test.mock.tests.ImplicitLocalValidationIT" time="0">
    <skipped/>
  </testcase>
  <testcase name="start" classname="com.okta.test.mock.tests.CustomLoginCodeFlowRemoteValidationIT" time="0">
    <skipped/>
  </testcase>
  <testcase name="followRedirect" classname="com.okta.test.mock.tests.CustomLoginCodeFlowRemoteValidationIT" time="0">
    <skipped/>
  </testcase>
  <testcase name="respondWithCode" classname="com.okta.test.mock.tests.CustomLoginCodeFlowRemoteValidationIT" time="0">
    <skipped/>
  </testcase>
  <testcase name="stop" classname="com.okta.test.mock.tests.CustomLoginCodeFlowRemoteValidationIT" time="0">
    <skipped/>
  </testcase>
  <testcase name="stopMockServer" classname="com.okta.test.mock.tests.CustomLoginCodeFlowRemoteValidationIT" time="0">
    <skipped/>
  </testcase>
</testsuite>